1586400102.129932 client started (43680): version 3.0a, socket /tmp//tmux-501/default, protocol 8
1586400102.129988 on Darwin 19.2.0 Darwin Kernel Version 19.2.0: Sat Nov  9 03:47:04 PST 2019; root:xnu-6153.61.1~20/RELEASE_X86_64; libevent 2.1.11-stable (select)
1586400102.130034 socket is /tmp//tmux-501/default
1586400102.130058 trying connect
1586400102.130180 add peer 0x10b0bf000: 6 (0x0)
1586400102.134222 sending message 100 to peer 0x10b0bf000 (4 bytes)
1586400102.134269 sending message 101 to peer 0x10b0bf000 (7 bytes)
1586400102.134280 sending message 102 to peer 0x10b0bf000 (13 bytes)
1586400102.134288 sending message 108 to peer 0x10b0bf000 (58 bytes)
1586400102.134305 sending message 104 to peer 0x10b0bf000 (0 bytes)
1586400102.134314 sending message 107 to peer 0x10b0bf000 (4 bytes)
1586400102.134322 sending message 105 to peer 0x10b0bf000 (37 bytes)
1586400102.134329 sending message 105 to peer 0x10b0bf000 (12 bytes)
1586400102.134336 sending message 105 to peer 0x10b0bf000 (16 bytes)
1586400102.134344 sending message 105 to peer 0x10b0bf000 (57 bytes)
1586400102.134351 sending message 105 to peer 0x10b0bf000 (24 bytes)
1586400102.134359 sending message 105 to peer 0x10b0bf000 (66 bytes)
1586400102.134366 sending message 105 to peer 0x10b0bf000 (38 bytes)
1586400102.134373 sending message 105 to peer 0x10b0bf000 (36 bytes)
1586400102.134381 sending message 105 to peer 0x10b0bf000 (354 bytes)
1586400102.134388 sending message 105 to peer 0x10b0bf000 (62 bytes)
1586400102.134395 sending message 105 to peer 0x10b0bf000 (17 bytes)
1586400102.134403 sending message 105 to peer 0x10b0bf000 (14 bytes)
1586400102.134410 sending message 105 to peer 0x10b0bf000 (13 bytes)
1586400102.134417 sending message 105 to peer 0x10b0bf000 (19 bytes)
1586400102.134432 sending message 105 to peer 0x10b0bf000 (8 bytes)
1586400102.134445 sending message 105 to peer 0x10b0bf000 (31 bytes)
1586400102.134453 sending message 105 to peer 0x10b0bf000 (27 bytes)
1586400102.134460 sending message 105 to peer 0x10b0bf000 (75 bytes)
1586400102.134467 sending message 105 to peer 0x10b0bf000 (22 bytes)
1586400102.134474 sending message 106 to peer 0x10b0bf000 (0 bytes)
1586400102.134484 sending message 200 to peer 0x10b0bf000 (4 bytes)
1586400102.134492 client loop enter
1586400102.134805 peer 0x10b0bf000 message 211
1586400102.134835 client_write: sessions should be nested with care, unset $TMUX to force\n
1586400102.134868 peer 0x10b0bf000 message 203
1586400102.134928 client loop exit
